[35m[1mScanning dependencies of target vision[0m
[ 18%] Built target gtest
[ 25%] Built target gtest_main
[ 50%] Built target detector_node
[ 50%] Built target processor_node
[ 62%] Built target camera_node
[ 68%] [32mBuilding CXX object CMakeFiles/vision.dir/src/detector_node.cpp.o[0m
[ 75%] [32mBuilding CXX object CMakeFiles/vision.dir/src/camera_node.cpp.o[0m
/home/pengchang/ws/src/vision/src/camera_node.cpp: In constructor â€˜CameraNode::CameraNode(const rclcpp::NodeOptions&)â€™:
/home/pengchang/ws/src/vision/src/camera_node.cpp:37:14: error: variable â€˜qosâ€™ set but not used [-Werror=unused-but-set-variable]
   37 |         auto qos = use_sensor_data_qos ? rmw_qos_profile_sensor_data : rmw_qos_profile_default;
      |              ^~~
cc1plus: all warnings being treated as errors
make[2]: *** [CMakeFiles/vision.dir/build.make:63ï¼šCMakeFiles/vision.dir/src/camera_node.cpp.o] é”™è¯¯ 1
make[2]: *** æ­£åœ¨ç­‰å¾…æœªå®Œæˆçš„ä»»åŠ¡....
make[1]: *** [CMakeFiles/Makefile2:271ï¼šCMakeFiles/vision.dir/all] é”™è¯¯ 2
make: *** [Makefile:141ï¼šall] é”™è¯¯ 2
