[35m[1mScanning dependencies of target vision[0m
[ 28%] Built target camera_node
[ 57%] Built target detector_node
[ 71%] [32mBuilding CXX object CMakeFiles/vision.dir/src/detector_node.cpp.o[0m
/home/pengchang/ws/src/vision/src/detector_node.cpp: In member function â€˜void DetectorNode::imageCallback(const ConstSharedPtr&)â€™:
/home/pengchang/ws/src/vision/src/detector_node.cpp:145:23: error: â€˜iâ€™ was not declared in this scope
  145 |         costCube.id = i;
      |                       ^
make[2]: *** [CMakeFiles/vision.dir/build.make:76ï¼šCMakeFiles/vision.dir/src/detector_node.cpp.o] é”™è¯¯ 1
make[1]: *** [CMakeFiles/Makefile2:136ï¼šCMakeFiles/vision.dir/all] é”™è¯¯ 2
make: *** [Makefile:141ï¼šall] é”™è¯¯ 2
