[01m[K/home/pengchang/ws/src/vision/test/test_node.cpp:10:10:[m[K [01;31m[Kfatal error: [m[Ksrc/vision/src/detector_node.cpp: æ²¡æœ‰é‚£ä¸ªæ–‡ä»¶æˆ–ç›®å½•
   10 | #include [01;31m[K"src/vision/src/detector_node.cpp"[m[K
      |          [01;31m[K^~~~~~~~~~~~~~~~~~~~~~~~~~~~~~~~~~[m[K
compilation terminated.
make[2]: *** [CMakeFiles/test_node.dir/build.make:63ï¼šCMakeFiles/test_node.dir/test/test_node.cpp.o] é”™è¯¯ 1
make[1]: *** [CMakeFiles/Makefile2:163ï¼šCMakeFiles/test_node.dir/all] é”™è¯¯ 2
make: *** [Makefile:141ï¼šall] é”™è¯¯ 2
