[0.020s] Invoking command in '/home/pengchang/ws/build/vision': CMAKE_PREFIX_PATH=/home/pengchang/ws/install/interfaces:/home/pengchang/ws/install/bringup:/home/pengchang/ws/install/vision:/home/pengchang/ws/install/rm_description:/home/pengchang/ws/install/description:/opt/ros/galactic LD_LIBRARY_PATH=/home/pengchang/ws/install/interfaces/lib:/home/pengchang/ws/install/vision/lib:/opt/ros/galactic/opt/yaml_cpp_vendor/lib:/opt/ros/galactic/opt/rviz_ogre_vendor/lib:/opt/ros/galactic/lib/x86_64-linux-gnu:/opt/ros/galactic/lib /usr/bin/cmake --build /home/pengchang/ws/build/vision -- -j8 -l8
[0.062s] -- Found ament_cmake_auto: 1.1.5 (/opt/ros/galactic/share/ament_cmake_auto/cmake)
[0.091s] -- Using PYTHON_EXECUTABLE: /usr/bin/python3
[0.145s] -- Override CMake install command with custom implementation using symlinks instead of copying resources
[0.227s] -- Using all available rosidl_typesupport_c: rosidl_typesupport_fastrtps_c;rosidl_typesupport_introspection_c
[0.231s] -- Found rosidl_adapter: 2.2.2 (/opt/ros/galactic/share/rosidl_adapter/cmake)
[0.381s] -- Using all available rosidl_typesupport_cpp: rosidl_typesupport_fastrtps_cpp;rosidl_typesupport_introspection_cpp
[0.469s] -- Found rmw_implementation_cmake: 3.3.1 (/opt/ros/galactic/share/rmw_implementation_cmake/cmake)
[0.471s] -- Found rmw_cyclonedds_cpp: 0.22.5 (/opt/ros/galactic/share/rmw_cyclonedds_cpp/cmake)
[0.489s] -- Using RMW implementation 'rmw_cyclonedds_cpp' as default
[1.030s] -- Found eigen3_cmake_module: 0.1.1 (/opt/ros/galactic/share/eigen3_cmake_module/cmake)
[1.399s] -- Found ament_lint_auto: 0.10.7 (/opt/ros/galactic/share/ament_lint_auto/cmake)
[1.416s] -- Found ament_cmake_gtest: 1.1.5 (/opt/ros/galactic/share/ament_cmake_gtest/cmake)
[1.419s] -- Found gtest sources under '/opt/ros/galactic/src/gtest_vendor': C++ tests using 'Google Test' will be built
[1.421s] -- Check if compiler accepts -pthread
[1.585s] -- Check if compiler accepts -pthread - yes
[1.601s] -- Added test 'cppcheck' to perform static code analysis on C / C++ code
[1.602s] -- Configured cppcheck include dirs: /home/pengchang/ws/src/vision/include
[1.602s] -- Configured cppcheck exclude dirs and/or files: 
[1.602s] -- Added test 'cpplint' to check C / C++ code against the Google style
[1.602s] -- Configured cpplint exclude dirs and/or files: 
[1.603s] -- Added test 'flake8' to check Python code syntax and style conventions
[1.603s] -- Added test 'lint_cmake' to check CMake code style
[1.604s] -- Added test 'pep257' to check Python code against some of the style conventions in PEP 257
[1.604s] -- Added test 'xmllint' to check XML markup files
[1.610s] -- Configuring done
[1.670s] -- Generating done
[1.673s] -- Build files have been written to: /home/pengchang/ws/build/vision
[1.706s] [35m[1mScanning dependencies of target gtest_main[0m
[1.709s] [35m[1mScanning dependencies of target gtest[0m
[1.726s] [ 12%] Built target processor_node
[1.727s] [ 18%] [32mBuilding CXX object gtest/CMakeFiles/gtest_main.dir/src/gtest_main.cc.o[0m
[1.728s] [ 37%] Built target camera_node
[1.729s] [ 37%] [32mBuilding CXX object gtest/CMakeFiles/gtest.dir/src/gtest-all.cc.o[0m
[1.733s] [ 50%] Built target detector_node
[1.744s] [ 75%] Built target vision
[2.831s] [ 81%] [32m[1mLinking CXX static library libgtest_main.a[0m
[2.872s] [ 81%] Built target gtest_main
[5.001s] [ 87%] [32m[1mLinking CXX static library libgtest.a[0m
[5.067s] [ 87%] Built target gtest
[5.083s] [35m[1mScanning dependencies of target test_node[0m
[5.127s] [ 93%] [32mBuilding CXX object CMakeFiles/test_node.dir/test/test_node.cpp.o[0m
[5.391s] [01m[K/home/pengchang/ws/src/vision/test/test_node.cpp:10:10:[m[K [01;31m[Kfatal error: [m[Ksrc/vision/src/detector_node.cpp: æ²¡æœ‰é‚£ä¸ªæ–‡ä»¶æˆ–ç›®å½•
[5.391s]    10 | #include [01;31m[K"src/vision/src/detector_node.cpp"[m[K
[5.392s]       |          [01;31m[K^~~~~~~~~~~~~~~~~~~~~~~~~~~~~~~~~~[m[K
[5.392s] compilation terminated.
[5.394s] make[2]: *** [CMakeFiles/test_node.dir/build.make:63ï¼šCMakeFiles/test_node.dir/test/test_node.cpp.o] é”™è¯¯ 1
[5.394s] make[1]: *** [CMakeFiles/Makefile2:163ï¼šCMakeFiles/test_node.dir/all] é”™è¯¯ 2
[5.394s] make: *** [Makefile:141ï¼šall] é”™è¯¯ 2
[5.398s] Invoked command in '/home/pengchang/ws/build/vision' returned '2': CMAKE_PREFIX_PATH=/home/pengchang/ws/install/interfaces:/home/pengchang/ws/install/bringup:/home/pengchang/ws/install/vision:/home/pengchang/ws/install/rm_description:/home/pengchang/ws/install/description:/opt/ros/galactic LD_LIBRARY_PATH=/home/pengchang/ws/install/interfaces/lib:/home/pengchang/ws/install/vision/lib:/opt/ros/galactic/opt/yaml_cpp_vendor/lib:/opt/ros/galactic/opt/rviz_ogre_vendor/lib:/opt/ros/galactic/lib/x86_64-linux-gnu:/opt/ros/galactic/lib /usr/bin/cmake --build /home/pengchang/ws/build/vision -- -j8 -l8
