[35m[1mScanning dependencies of target vision[0m
[ 25%] Built target detector_node
[ 50%] Built target camera_node
[ 62%] [32mBuilding CXX object CMakeFiles/vision.dir/src/process_node.cpp.o[0m
[01m[K/home/pengchang/ws/src/vision/src/process_node.cpp:17:10:[m[K [01;31m[Kfatal error: [m[Kinterfaces/msg/armor.hpp: æ²¡æœ‰é‚£ä¸ªæ–‡ä»¶æˆ–ç›®å½•
   17 | #include [01;31m[K"interfaces/msg/armor.hpp"[m[K
      |          [01;31m[K^~~~~~~~~~~~~~~~~~~~~~~~~~[m[K
compilation terminated.
make[2]: *** [CMakeFiles/vision.dir/build.make:89ï¼šCMakeFiles/vision.dir/src/process_node.cpp.o] é”™è¯¯ 1
make[1]: *** [CMakeFiles/Makefile2:136ï¼šCMakeFiles/vision.dir/all] é”™è¯¯ 2
make: *** [Makefile:141ï¼šall] é”™è¯¯ 2
